maps/app/build/outputs/logs/manifest-merger-debug-report.txt
-- Merging decision tree log ---
manifest
ADDED from src/main/AndroidManifest.xml:2:1-142:12
	xmlns:android
		ADDED from src/main/AndroidManifest.xml:2:11-69
	package
		ADDED from src/main/AndroidManifest.xml:3:3-32
		INJECTED from src/main/AndroidManifest.xml
		INJECTED from src/main/AndroidManifest.xml
	android:versionName
		ADDED from src/main/AndroidManifest.xml:5:3-31
	android:versionCode
		ADDED from src/main/AndroidManifest.xml:4:3-26
		INJECTED from src/main/AndroidManifest.xml
		INJECTED from src/main/AndroidManifest.xml
uses-sdk
ADDED from src/main/AndroidManifest.xml:7:3-9:36
MERGED from [com.google.android.gms:play-services:6.5.87] AndroidManifest.xml:18:5-42
MERGED from [com.android.support:support-v4:21.0.0] AndroidManifest.xml:15:5-42
	android:targetSdkVersion
		ADDED from src/main/AndroidManifest.xml:9:5-34
		INJECTED from src/main/AndroidManifest.xml
		INJECTED from src/main/AndroidManifest.xml
	android:minSdkVersion
		ADDED from src/main/AndroidManifest.xml:8:5-30
		INJECTED from src/main/AndroidManifest.xml
		INJECTED from src/main/AndroidManifest.xml
uses-permission#android.permission.ACCESS_NETWORK_STATE
ADDED from src/main/AndroidManifest.xml:10:3-76
	android:name
		ADDED from src/main/AndroidManifest.xml:10:20-74
uses-permission#android.permission.INTERNET
ADDED from src/main/AndroidManifest.xml:11:3-64
	android:name
		ADDED from src/main/AndroidManifest.xml:11:20-62
uses-permission#android.permission.WRITE_EXTERNAL_STORAGE
ADDED from src/main/AndroidManifest.xml:13:3-78
	android:name
		ADDED from src/main/AndroidManifest.xml:13:20-76
uses-permission#android.permission.ACCESS_COARSE_LOCATION
ADDED from src/main/AndroidManifest.xml:15:3-78
	android:name
		ADDED from src/main/AndroidManifest.xml:15:20-76
uses-permission#android.permission.ACCESS_FINE_LOCATION
ADDED from src/main/AndroidManifest.xml:16:3-76
	android:name
		ADDED from src/main/AndroidManifest.xml:16:20-74
uses-feature#0x00020000
ADDED from src/main/AndroidManifest.xml:18:3-20:30
	android:required
		ADDED from src/main/AndroidManifest.xml:20:5-28
	android:glEsVersion
		ADDED from src/main/AndroidManifest.xml:19:5-37
application
ADDED from src/main/AndroidManifest.xml:22:3-141:17
MERGED from [com.google.android.gms:play-services:6.5.87] AndroidManifest.xml:20:5-24:19
MERGED from [com.android.support:support-v4:21.0.0] AndroidManifest.xml:16:5-19
	android:label
		ADDED from src/main/AndroidManifest.xml:24:5-39
	android:icon
		ADDED from src/main/AndroidManifest.xml:23:5-41
	android:hardwareAccelerated
		ADDED from src/main/AndroidManifest.xml:25:5-39
meta-data#com.google.android.maps.v2.API_KEY
ADDED from src/main/AndroidManifest.xml:31:5-32:62
	android:name
		ADDED from src/main/AndroidManifest.xml:31:16-65
	android:value
		ADDED from src/main/AndroidManifest.xml:32:5-60
meta-data#com.google.android.gms.version
ADDED from src/main/AndroidManifest.xml:33:5-35:69
MERGED from [com.google.android.gms:play-services:6.5.87] AndroidManifest.xml:21:9-23:69
	android:name
		ADDED from src/main/AndroidManifest.xml:34:13-58
	android:value
		ADDED from src/main/AndroidManifest.xml:35:13-66
activity#com.example.mapdemo.MainActivity
ADDED from src/main/AndroidManifest.xml:36:5-41:16
	android:name
		ADDED from src/main/AndroidManifest.xml:36:15-43
intent-filter#android.intent.action.MAIN+android.intent.category.LAUNCHER
ADDED from src/main/AndroidManifest.xml:37:7-40:23
action#android.intent.action.MAIN
ADDED from src/main/AndroidManifest.xml:38:9-60
	android:name
		ADDED from src/main/AndroidManifest.xml:38:17-58
category#android.intent.category.LAUNCHER
ADDED from src/main/AndroidManifest.xml:39:9-68
	android:name
		ADDED from src/main/AndroidManifest.xml:39:19-66
activity#com.example.mapdemo.LegalInfoActivity
ADDED from src/main/AndroidManifest.xml:42:5-44:43
	android:label
		ADDED from src/main/AndroidManifest.xml:44:7-41
	android:name
		ADDED from src/main/AndroidManifest.xml:43:7-40
activity#com.example.mapdemo.BasicMapDemoActivity
ADDED from src/main/AndroidManifest.xml:45:5-47:53
	android:label
		ADDED from src/main/AndroidManifest.xml:47:7-51
	android:name
		ADDED from src/main/AndroidManifest.xml:46:7-43
activity#com.example.mapdemo.CameraDemoActivity
ADDED from src/main/AndroidManifest.xml:48:5-50:50
	android:label
		ADDED from src/main/AndroidManifest.xml:50:7-48
	android:name
		ADDED from src/main/AndroidManifest.xml:49:7-41
activity#com.example.mapdemo.CircleDemoActivity
ADDED from src/main/AndroidManifest.xml:51:5-53:50
	android:label
		ADDED from src/main/AndroidManifest.xml:53:7-48
	android:name
		ADDED from src/main/AndroidManifest.xml:52:7-41
activity#com.example.mapdemo.EventsDemoActivity
ADDED from src/main/AndroidManifest.xml:54:5-56:50
	android:label
		ADDED from src/main/AndroidManifest.xml:56:7-48
	android:name
		ADDED from src/main/AndroidManifest.xml:55:7-41
activity#com.example.mapdemo.GroundOverlayDemoActivity
ADDED from src/main/AndroidManifest.xml:57:5-59:58
	android:label
		ADDED from src/main/AndroidManifest.xml:59:7-56
	android:name
		ADDED from src/main/AndroidManifest.xml:58:7-48
activity#com.example.mapdemo.IndoorDemoActivity
ADDED from src/main/AndroidManifest.xml:60:5-62:50
	android:label
		ADDED from src/main/AndroidManifest.xml:62:7-48
	android:name
		ADDED from src/main/AndroidManifest.xml:61:7-41
activity#com.example.mapdemo.LayersDemoActivity
ADDED from src/main/AndroidManifest.xml:63:5-65:50
	android:label
		ADDED from src/main/AndroidManifest.xml:65:7-48
	android:name
		ADDED from src/main/AndroidManifest.xml:64:7-41
activity#com.example.mapdemo.LiteDemoActivity
ADDED from src/main/AndroidManifest.xml:66:5-68:48
	android:label
		ADDED from src/main/AndroidManifest.xml:68:7-46
	android:name
		ADDED from src/main/AndroidManifest.xml:67:7-39
activity#com.example.mapdemo.LiteListDemoActivity
ADDED from src/main/AndroidManifest.xml:69:5-71:53
	android:label
		ADDED from src/main/AndroidManifest.xml:71:7-51
	android:name
		ADDED from src/main/AndroidManifest.xml:70:7-43
activity#com.example.mapdemo.LocationSourceDemoActivity
ADDED from src/main/AndroidManifest.xml:72:5-74:59
	android:label
		ADDED from src/main/AndroidManifest.xml:74:7-57
	android:name
		ADDED from src/main/AndroidManifest.xml:73:7-49
activity#com.example.mapdemo.MapInPagerDemoActivity
ADDED from src/main/AndroidManifest.xml:75:5-77:56
	android:label
		ADDED from src/main/AndroidManifest.xml:77:7-54
	android:name
		ADDED from src/main/AndroidManifest.xml:76:7-45
activity#com.example.mapdemo.MarkerDemoActivity
ADDED from src/main/AndroidManifest.xml:78:5-80:50
	android:label
		ADDED from src/main/AndroidManifest.xml:80:7-48
	android:name
		ADDED from src/main/AndroidManifest.xml:79:7-41
activity#com.example.mapdemo.MultiMapDemoActivity
ADDED from src/main/AndroidManifest.xml:81:5-83:53
	android:label
		ADDED from src/main/AndroidManifest.xml:83:7-51
	android:name
		ADDED from src/main/AndroidManifest.xml:82:7-43
activity#com.example.mapdemo.MyLocationDemoActivity
ADDED from src/main/AndroidManifest.xml:84:5-86:55
	android:label
		ADDED from src/main/AndroidManifest.xml:86:7-53
	android:name
		ADDED from src/main/AndroidManifest.xml:85:7-45
activity#com.example.mapdemo.OptionsDemoActivity
ADDED from src/main/AndroidManifest.xml:87:5-89:51
	android:label
		ADDED from src/main/AndroidManifest.xml:89:7-49
	android:name
		ADDED from src/main/AndroidManifest.xml:88:7-42
activity#com.example.mapdemo.PolygonDemoActivity
ADDED from src/main/AndroidManifest.xml:90:5-92:51
	android:label
		ADDED from src/main/AndroidManifest.xml:92:7-49
	android:name
		ADDED from src/main/AndroidManifest.xml:91:7-42
activity#com.example.mapdemo.PolylineDemoActivity
ADDED from src/main/AndroidManifest.xml:93:5-95:52
	android:label
		ADDED from src/main/AndroidManifest.xml:95:7-50
	android:name
		ADDED from src/main/AndroidManifest.xml:94:7-43
activity#com.example.mapdemo.ProgrammaticDemoActivity
ADDED from src/main/AndroidManifest.xml:96:5-98:56
	android:label
		ADDED from src/main/AndroidManifest.xml:98:7-54
	android:name
		ADDED from src/main/AndroidManifest.xml:97:7-47
activity#com.example.mapdemo.RawMapViewDemoActivity
ADDED from src/main/AndroidManifest.xml:99:5-101:56
	android:label
		ADDED from src/main/AndroidManifest.xml:101:7-54
	android:name
		ADDED from src/main/AndroidManifest.xml:100:7-45
activity#com.example.mapdemo.RetainMapDemoActivity
ADDED from src/main/AndroidManifest.xml:102:5-104:54
	android:label
		ADDED from src/main/AndroidManifest.xml:104:7-52
	android:name
		ADDED from src/main/AndroidManifest.xml:103:7-44
activity#com.example.mapdemo.SaveStateDemoActivity
ADDED from src/main/AndroidManifest.xml:105:5-107:54
	android:label
		ADDED from src/main/AndroidManifest.xml:107:7-52
	android:name
		ADDED from src/main/AndroidManifest.xml:106:7-44
activity#com.example.mapdemo.SnapshotDemoActivity
ADDED from src/main/AndroidManifest.xml:108:5-110:52
	android:label
		ADDED from src/main/AndroidManifest.xml:110:7-50
	android:name
		ADDED from src/main/AndroidManifest.xml:109:7-43
activity#com.example.mapdemo.SplitStreetViewPanoramaAndMapDemoActivity
ADDED from src/main/AndroidManifest.xml:111:5-113:78
	android:label
		ADDED from src/main/AndroidManifest.xml:113:7-76
	android:name
		ADDED from src/main/AndroidManifest.xml:112:7-64
activity#com.example.mapdemo.StreetViewPanoramaBasicDemoActivity
ADDED from src/main/AndroidManifest.xml:114:5-116:70
	android:label
		ADDED from src/main/AndroidManifest.xml:116:7-68
	android:name
		ADDED from src/main/AndroidManifest.xml:115:7-58
activity#com.example.mapdemo.StreetViewPanoramaEventsDemoActivity
ADDED from src/main/AndroidManifest.xml:117:5-119:71
	android:label
		ADDED from src/main/AndroidManifest.xml:119:7-69
	android:name
		ADDED from src/main/AndroidManifest.xml:118:7-59
activity#com.example.mapdemo.StreetViewPanoramaNavigationDemoActivity
ADDED from src/main/AndroidManifest.xml:120:5-122:75
	android:label
		ADDED from src/main/AndroidManifest.xml:122:7-73
	android:name
		ADDED from src/main/AndroidManifest.xml:121:7-63
activity#com.example.mapdemo.StreetViewPanoramaOptionsDemoActivity
ADDED from src/main/AndroidManifest.xml:123:5-125:72
	android:label
		ADDED from src/main/AndroidManifest.xml:125:7-70
	android:name
		ADDED from src/main/AndroidManifest.xml:124:7-60
activity#com.example.mapdemo.StreetViewPanoramaViewDemoActivity
ADDED from src/main/AndroidManifest.xml:126:5-128:69
	android:label
		ADDED from src/main/AndroidManifest.xml:128:7-67
	android:name
		ADDED from src/main/AndroidManifest.xml:127:7-57
activity#com.example.mapdemo.TileCoordinateDemoActivity
ADDED from src/main/AndroidManifest.xml:129:5-131:59
	android:label
		ADDED from src/main/AndroidManifest.xml:131:7-57
	android:name
		ADDED from src/main/AndroidManifest.xml:130:7-49
activity#com.example.mapdemo.TileOverlayDemoActivity
ADDED from src/main/AndroidManifest.xml:132:5-134:56
	android:label
		ADDED from src/main/AndroidManifest.xml:134:7-54
	android:name
		ADDED from src/main/AndroidManifest.xml:133:7-46
activity#com.example.mapdemo.UiSettingsDemoActivity
ADDED from src/main/AndroidManifest.xml:135:5-137:55
	android:label
		ADDED from src/main/AndroidManifest.xml:137:7-53
	android:name
		ADDED from src/main/AndroidManifest.xml:136:7-45
activity#com.example.mapdemo.VisibleRegionDemoActivity
ADDED from src/main/AndroidManifest.xml:138:5-140:58
	android:label
		ADDED from src/main/AndroidManifest.xml:140:7-56
	android:name
		ADDED from src/main/AndroidManifest.xml:139:7-48